#
# There is insufficient memory for the Java Runtime Environment to continue.
# Native memory allocation (malloc) failed to allocate 696656 bytes for Chunk::new
# Possible reasons:
#   The system is out of physical RAM or swap space
#   The process is running with CompressedOops enabled, and the Java Heap may be blocking the growth of the native heap
# Possible solutions:
#   Reduce memory load on the system
#   Increase physical memory or swap space
#   Check if swap backing store is full
#   Decrease Java heap size (-Xmx/-Xms)
#   Decrease number of Java threads
#   Decrease Java thread stack sizes (-Xss)
#   Set larger code cache with -XX:ReservedCodeCacheSize=
#   JVM is running with Unscaled Compressed Oops mode in which the Java heap is
#     placed in the first 4GB address space. The Java Heap base address is the
#     maximum limit for the native heap growth. Please use -XX:HeapBaseMinAddress
#     to set the Java Heap base and to place the Java Heap above 4GB virtual address.
# This output file may be truncated or incomplete.
#
#  Out of Memory Error (arena.cpp:191), pid=1788, tid=21216
#
# JRE version: OpenJDK Runtime Environment Temurin-17.0.9+9 (17.0.9+9) (build 17.0.9+9)
# Java VM: OpenJDK 64-Bit Server VM Temurin-17.0.9+9 (17.0.9+9, mixed mode, tiered, compressed oops, compressed class ptrs, g1 gc, windows-amd64)
# No core dump will be written. Minidumps are not enabled by default on client versions of Windows
#

---------------  S U M M A R Y ------------

Command Line: -Dfile.encoding=UTF-8 -Dstdout.encoding=UTF-8 -Dstderr.encoding=UTF-8 -XX:+ShowCodeDetailsInExceptionMessages utilities.DataDrivenExcel

Host: AMD Ryzen 3 2200U with Radeon Vega Mobile Gfx  , 4 cores, 3G,  Windows 10 , 64 bit Build 19041 (10.0.19041.3636)
Time: Sat Jan 27 12:31:37 2024 India Standard Time elapsed time: 10.467119 seconds (0d 0h 0m 10s)

---------------  T H R E A D  ---------------

Current thread (0x0000023fa0646570):  JavaThread "C2 CompilerThread0" daemon [_thread_in_native, id=21216, stack(0x0000008c39700000,0x0000008c39800000)]


Current CompileTask:
C2:  10467 1698       4       java.lang.invoke.MethodType::makeImpl (109 bytes)

Stack: [0x0000008c39700000,0x0000008c39800000]
Native frames: (J=compiled Java code, j=interpreted, Vv=VM code, C=native code)
V  [jvm.dll+0x67cf49]
V  [jvm.dll+0x83478a]
V  [jvm.dll+0x83624e]
V  [jvm.dll+0x8368b3]
V  [jvm.dll+0x247f1f]
V  [jvm.dll+0xac43c]
V  [jvm.dll+0xaca8c]
V  [jvm.dll+0x2af45f]
V  [jvm.dll+0x5853f7]
V  [jvm.dll+0x222f62]
V  [jvm.dll+0x22334f]
V  [jvm.dll+0x21c476]
V  [jvm.dll+0x2198c1]
V  [jvm.dll+0x1a57cd]
V  [jvm.dll+0x2297ae]
V  [jvm.dll+0x22797c]
V  [jvm.dll+0x7e9877]
V  [jvm.dll+0x7e3c3a]
V  [jvm.dll+0x67be35]
C  [ucrtbase.dll+0x21bb2]
C  [KERNEL32.DLL+0x17344]
C  [ntdll.dll+0x526b1]


---------------  P R O C E S S  ---------------

Threads class SMR info:
_java_thread_list=0x0000023fa0a108e0, length=25, elements={
0x0000023f897a4940, 0x0000023fa060f3f0, 0x0000023fa0611030, 0x0000023fa0628170,
0x0000023fa0628b40, 0x0000023fa063cb60, 0x0000023fa06410d0, 0x0000023fa0646570,
0x0000023fa07a80e0, 0x0000023fa067e3e0, 0x0000023fa08c3400, 0x0000023fa08eba30,
0x0000023fa53dc800, 0x0000023fa5738ec0, 0x0000023fa57caf50, 0x0000023fa57cb430,
0x0000023fa57cc120, 0x0000023fa57ce610, 0x0000023fa57b7830, 0x0000023fa57b6900,
0x0000023fa57b4080, 0x0000023fa57b54c0, 0x0000023fa57b4590, 0x0000023fa57b4aa0,
0x0000023fa57b4fb0
}

Java Threads: ( => current thread )
  0x0000023f897a4940 JavaThread "main" [_thread_blocked, id=1324, stack(0x0000008c38a00000,0x0000008c38b00000)]
  0x0000023fa060f3f0 JavaThread "Reference Handler" daemon [_thread_blocked, id=7836, stack(0x0000008c39100000,0x0000008c39200000)]
  0x0000023fa0611030 JavaThread "Finalizer" daemon [_thread_blocked, id=15104, stack(0x0000008c39200000,0x0000008c39300000)]
  0x0000023fa0628170 JavaThread "Signal Dispatcher" daemon [_thread_blocked, id=18948, stack(0x0000008c39300000,0x0000008c39400000)]
  0x0000023fa0628b40 JavaThread "Attach Listener" daemon [_thread_blocked, id=19220, stack(0x0000008c39400000,0x0000008c39500000)]
  0x0000023fa063cb60 JavaThread "Service Thread" daemon [_thread_blocked, id=23100, stack(0x0000008c39500000,0x0000008c39600000)]
  0x0000023fa06410d0 JavaThread "Monitor Deflation Thread" daemon [_thread_blocked, id=24056, stack(0x0000008c39600000,0x0000008c39700000)]
=>0x0000023fa0646570 JavaThread "C2 CompilerThread0" daemon [_thread_in_native, id=21216, stack(0x0000008c39700000,0x0000008c39800000)]
  0x0000023fa07a80e0 JavaThread "C1 CompilerThread0" daemon [_thread_blocked, id=22176, stack(0x0000008c39800000,0x0000008c39900000)]
  0x0000023fa067e3e0 JavaThread "Sweeper thread" daemon [_thread_blocked, id=1548, stack(0x0000008c39900000,0x0000008c39a00000)]
  0x0000023fa08c3400 JavaThread "Notification Thread" daemon [_thread_blocked, id=21196, stack(0x0000008c39a00000,0x0000008c39b00000)]
  0x0000023fa08eba30 JavaThread "Common-Cleaner" daemon [_thread_blocked, id=21628, stack(0x0000008c39c00000,0x0000008c39d00000)]
  0x0000023fa53dc800 JavaThread "ForkJoinPool.commonPool-worker-1" daemon [_thread_blocked, id=7808, stack(0x0000008c39e00000,0x0000008c39f00000)]
  0x0000023fa5738ec0 JavaThread "HttpClient-1-SelectorManager" daemon [_thread_in_native, id=4764, stack(0x0000008c3a400000,0x0000008c3a500000)]
  0x0000023fa57caf50 JavaThread "External Process Output Forwarder - C:\Users\Dell\.cache\selenium\chromedriver\win64\120.0.6099.109\chromedriver.exe" [_thread_in_native, id=19484, stack(0x0000008c3a500000,0x0000008c3a600000)]
  0x0000023fa57cb430 JavaThread "Driver Service Executor" daemon [_thread_blocked, id=13272, stack(0x0000008c3a600000,0x0000008c3a700000)]
  0x0000023fa57cc120 JavaThread "Driver Service Executor" daemon [_thread_in_native, id=16168, stack(0x0000008c3a700000,0x0000008c3a800000)]
  0x0000023fa57ce610 JavaThread "UrlChecker-2" daemon [_thread_blocked, id=3448, stack(0x0000008c3a800000,0x0000008c3a900000)]
  0x0000023fa57b7830 JavaThread "pool-1-thread-1" [_thread_blocked, id=19212, stack(0x0000008c3ab00000,0x0000008c3ac00000)]
  0x0000023fa57b6900 JavaThread "pool-1-thread-2" [_thread_blocked, id=14280, stack(0x0000008c3ac00000,0x0000008c3ad00000)]
  0x0000023fa57b4080 JavaThread "pool-1-thread-3" [_thread_blocked, id=19604, stack(0x0000008c3ad00000,0x0000008c3ae00000)]
  0x0000023fa57b54c0 JavaThread "HttpClient-2-SelectorManager" daemon [_thread_in_native, id=12928, stack(0x0000008c3aa00000,0x0000008c3ab00000)]
  0x0000023fa57b4590 JavaThread "pool-2-thread-1" [_thread_blocked, id=23348, stack(0x0000008c3ae00000,0x0000008c3af00000)]
  0x0000023fa57b4aa0 JavaThread "pool-2-thread-2" [_thread_blocked, id=3340, stack(0x0000008c3af00000,0x0000008c3b000000)]
  0x0000023fa57b4fb0 JavaThread "pool-2-thread-3" [_thread_blocked, id=4376, stack(0x0000008c3b000000,0x0000008c3b100000)]

Other Threads:
  0x0000023f8985e8b0 VMThread "VM Thread" [stack: 0x0000008c39000000,0x0000008c39100000] [id=21888]
  0x0000023fa08c9900 WatcherThread [stack: 0x0000008c39b00000,0x0000008c39c00000] [id=3656]
  0x0000023f897ddba0 GCTaskThread "GC Thread#0" [stack: 0x0000008c38b00000,0x0000008c38c00000] [id=21180]
  0x0000023fa56aa3c0 GCTaskThread "GC Thread#1" [stack: 0x0000008c39f00000,0x0000008c3a000000] [id=1768]
  0x0000023fa56d7320 GCTaskThread "GC Thread#2" [stack: 0x0000008c3a000000,0x0000008c3a100000] [id=22208]
  0x0000023fa56d75e0 GCTaskThread "GC Thread#3" [stack: 0x0000008c3a100000,0x0000008c3a200000] [id=18736]
  0x0000023f897e5fb0 ConcurrentGCThread "G1 Main Marker" [stack: 0x0000008c38c00000,0x0000008c38d00000] [id=19328]
  0x0000023f897e7170 ConcurrentGCThread "G1 Conc#0" [stack: 0x0000008c38d00000,0x0000008c38e00000] [id=10084]
  0x0000023f89824860 ConcurrentGCThread "G1 Refine#0" [stack: 0x0000008c38e00000,0x0000008c38f00000] [id=19312]
  0x0000023fa56cfea0 ConcurrentGCThread "G1 Refine#1" [stack: 0x0000008c3a200000,0x0000008c3a300000] [id=18452]
  0x0000023fa09203b0 ConcurrentGCThread "G1 Refine#2" [stack: 0x0000008c3a300000,0x0000008c3a400000] [id=23720]
  0x0000023f89825290 ConcurrentGCThread "G1 Service" [stack: 0x0000008c38f00000,0x0000008c39000000] [id=14352]

Threads with active compile tasks:
C2 CompilerThread0    10505 1698       4       java.lang.invoke.MethodType::makeImpl (109 bytes)

VM state: not at safepoint (normal execution)

VM Mutex/Monitor currently owned by a thread: None

Heap address: 0x00000000c5a00000, size: 934 MB, Compressed Oops mode: 32-bit

CDS archive(s) not mapped
Compressed class space mapped at: 0x0000000100000000-0x0000000140000000, reserved size: 1073741824
Narrow klass base: 0x0000000000000000, Narrow klass shift: 3, Narrow klass range: 0x140000000

GC Precious Log:
 CPUs: 4 total, 4 available
 Memory: 3732M
 Large Page Support: Disabled
 NUMA Support: Disabled
 Compressed Oops: Enabled (32-bit)
 Heap Region Size: 1M
 Heap Min Capacity: 8M
 Heap Initial Capacity: 60M
 Heap Max Capacity: 934M
 Pre-touch: Disabled
 Parallel Workers: 4
 Concurrent Workers: 1
 Concurrent Refinement Workers: 4
 Periodic GC: Disabled

Heap:
 garbage-first heap   total 61440K, used 22986K [0x00000000c5a00000, 0x0000000100000000)
  region size 1024K, 19 young (19456K), 2 survivors (2048K)
 Metaspace       used 21152K, committed 21376K, reserved 1114112K
  class space    used 2305K, committed 2432K, reserved 1048576K

Heap Regions: E=young(eden), S=young(survivor), O=old, HS=humongous(starts), HC=humongous(continues), CS=collection set, F=free, OA=open archive, CA=closed archive, TAMS=top-at-mark-start (previous, next)
|   0|0x00000000c5a00000, 0x00000000c5b00000, 0x00000000c5b00000|100%|HS|  |TAMS 0x00000000c5a00000, 0x00000000c5a00000| Complete 
|   1|0x00000000c5b00000, 0x00000000c5c00000, 0x00000000c5c00000|100%| O|  |TAMS 0x00000000c5b00000, 0x00000000c5b00000| Untracked 
|   2|0x00000000c5c00000, 0x00000000c5d00000, 0x00000000c5d00000|100%| O|  |TAMS 0x00000000c5c00000, 0x00000000c5c00000| Untracked 
|   3|0x00000000c5d00000, 0x00000000c5e00000, 0x00000000c5e00000|100%| O|  |TAMS 0x00000000c5d00000, 0x00000000c5d00000| Untracked 
|   4|0x00000000c5e00000, 0x00000000c5f00000, 0x00000000c5f00000|100%| O|  |TAMS 0x00000000c5e00000, 0x00000000c5e00000| Untracked 
|   5|0x00000000c5f00000, 0x00000000c5fdd000, 0x00000000c6000000| 86%| O|  |TAMS 0x00000000c5f00000, 0x00000000c5f00000| Untracked 
|   6|0x00000000c6000000, 0x00000000c6000000, 0x00000000c6100000|  0%| F|  |TAMS 0x00000000c6000000, 0x00000000c6000000| Untracked 
|   7|0x00000000c6100000, 0x00000000c6100000, 0x00000000c6200000|  0%| F|  |TAMS 0x00000000c6100000, 0x00000000c6100000| Untracked 
|   8|0x00000000c6200000, 0x00000000c6200000, 0x00000000c6300000|  0%| F|  |TAMS 0x00000000c6200000, 0x00000000c6200000| Untracked 
|   9|0x00000000c6300000, 0x00000000c6300000, 0x00000000c6400000|  0%| F|  |TAMS 0x00000000c6300000, 0x00000000c6300000| Untracked 
|  10|0x00000000c6400000, 0x00000000c6400000, 0x00000000c6500000|  0%| F|  |TAMS 0x00000000c6400000, 0x00000000c6400000| Untracked 
|  11|0x00000000c6500000, 0x00000000c6500000, 0x00000000c6600000|  0%| F|  |TAMS 0x00000000c6500000, 0x00000000c6500000| Untracked 
|  12|0x00000000c6600000, 0x00000000c6600000, 0x00000000c6700000|  0%| F|  |TAMS 0x00000000c6600000, 0x00000000c6600000| Untracked 
|  13|0x00000000c6700000, 0x00000000c6700000, 0x00000000c6800000|  0%| F|  |TAMS 0x00000000c6700000, 0x00000000c6700000| Untracked 
|  14|0x00000000c6800000, 0x00000000c6800000, 0x00000000c6900000|  0%| F|  |TAMS 0x00000000c6800000, 0x00000000c6800000| Untracked 
|  15|0x00000000c6900000, 0x00000000c6900000, 0x00000000c6a00000|  0%| F|  |TAMS 0x00000000c6900000, 0x00000000c6900000| Untracked 
|  16|0x00000000c6a00000, 0x00000000c6a00000, 0x00000000c6b00000|  0%| F|  |TAMS 0x00000000c6a00000, 0x00000000c6a00000| Untracked 
|  17|0x00000000c6b00000, 0x00000000c6b00000, 0x00000000c6c00000|  0%| F|  |TAMS 0x00000000c6b00000, 0x00000000c6b00000| Untracked 
|  18|0x00000000c6c00000, 0x00000000c6c00000, 0x00000000c6d00000|  0%| F|  |TAMS 0x00000000c6c00000, 0x00000000c6c00000| Untracked 
|  19|0x00000000c6d00000, 0x00000000c6d00000, 0x00000000c6e00000|  0%| F|  |TAMS 0x00000000c6d00000, 0x00000000c6d00000| Untracked 
|  20|0x00000000c6e00000, 0x00000000c6e00000, 0x00000000c6f00000|  0%| F|  |TAMS 0x00000000c6e00000, 0x00000000c6e00000| Untracked 
|  21|0x00000000c6f00000, 0x00000000c6f00000, 0x00000000c7000000|  0%| F|  |TAMS 0x00000000c6f00000, 0x00000000c6f00000| Untracked 
|  22|0x00000000c7000000, 0x00000000c7000000, 0x00000000c7100000|  0%| F|  |TAMS 0x00000000c7000000, 0x00000000c7000000| Untracked 
|  23|0x00000000c7100000, 0x00000000c7100000, 0x00000000c7200000|  0%| F|  |TAMS 0x00000000c7100000, 0x00000000c7100000| Untracked 
|  24|0x00000000c7200000, 0x00000000c7200000, 0x00000000c7300000|  0%| F|  |TAMS 0x00000000c7200000, 0x00000000c7200000| Untracked 
|  25|0x00000000c7300000, 0x00000000c7300000, 0x00000000c7400000|  0%| F|  |TAMS 0x00000000c7300000, 0x00000000c7300000| Untracked 
|  26|0x00000000c7400000, 0x00000000c7400000, 0x00000000c7500000|  0%| F|  |TAMS 0x00000000c7400000, 0x00000000c7400000| Untracked 
|  27|0x00000000c7500000, 0x00000000c7500000, 0x00000000c7600000|  0%| F|  |TAMS 0x00000000c7500000, 0x00000000c7500000| Untracked 
|  28|0x00000000c7600000, 0x00000000c7600000, 0x00000000c7700000|  0%| F|  |TAMS 0x00000000c7600000, 0x00000000c7600000| Untracked 
|  29|0x00000000c7700000, 0x00000000c7700000, 0x00000000c7800000|  0%| F|  |TAMS 0x00000000c7700000, 0x00000000c7700000| Untracked 
|  30|0x00000000c7800000, 0x00000000c7800000, 0x00000000c7900000|  0%| F|  |TAMS 0x00000000c7800000, 0x00000000c7800000| Untracked 
|  31|0x00000000c7900000, 0x00000000c7900000, 0x00000000c7a00000|  0%| F|  |TAMS 0x00000000c7900000, 0x00000000c7900000| Untracked 
|  32|0x00000000c7a00000, 0x00000000c7a00000, 0x00000000c7b00000|  0%| F|  |TAMS 0x00000000c7a00000, 0x00000000c7a00000| Untracked 
|  33|0x00000000c7b00000, 0x00000000c7b00000, 0x00000000c7c00000|  0%| F|  |TAMS 0x00000000c7b00000, 0x00000000c7b00000| Untracked 
|  34|0x00000000c7c00000, 0x00000000c7c00000, 0x00000000c7d00000|  0%| F|  |TAMS 0x00000000c7c00000, 0x00000000c7c00000| Untracked 
|  35|0x00000000c7d00000, 0x00000000c7d00000, 0x00000000c7e00000|  0%| F|  |TAMS 0x00000000c7d00000, 0x00000000c7d00000| Untracked 
|  36|0x00000000c7e00000, 0x00000000c7e00000, 0x00000000c7f00000|  0%| F|  |TAMS 0x00000000c7e00000, 0x00000000c7e00000| Untracked 
|  37|0x00000000c7f00000, 0x00000000c7f00000, 0x00000000c8000000|  0%| F|  |TAMS 0x00000000c7f00000, 0x00000000c7f00000| Untracked 
|  38|0x00000000c8000000, 0x00000000c8000000, 0x00000000c8100000|  0%| F|  |TAMS 0x00000000c8000000, 0x00000000c8000000| Untracked 
|  39|0x00000000c8100000, 0x00000000c8100000, 0x00000000c8200000|  0%| F|  |TAMS 0x00000000c8100000, 0x00000000c8100000| Untracked 
|  40|0x00000000c8200000, 0x00000000c8200000, 0x00000000c8300000|  0%| F|  |TAMS 0x00000000c8200000, 0x00000000c8200000| Untracked 
|  41|0x00000000c8300000, 0x00000000c833c4e0, 0x00000000c8400000| 23%| E|  |TAMS 0x00000000c8300000, 0x00000000c8300000| Complete 
|  42|0x00000000c8400000, 0x00000000c8500000, 0x00000000c8500000|100%| E|CS|TAMS 0x00000000c8400000, 0x00000000c8400000| Complete 
|  43|0x00000000c8500000, 0x00000000c8600000, 0x00000000c8600000|100%| E|  |TAMS 0x00000000c8500000, 0x00000000c8500000| Complete 
|  44|0x00000000c8600000, 0x00000000c8700000, 0x00000000c8700000|100%| E|CS|TAMS 0x00000000c8600000, 0x00000000c8600000| Complete 
|  45|0x00000000c8700000, 0x00000000c8800000, 0x00000000c8800000|100%| E|CS|TAMS 0x00000000c8700000, 0x00000000c8700000| Complete 
|  46|0x00000000c8800000, 0x00000000c8900000, 0x00000000c8900000|100%| E|CS|TAMS 0x00000000c8800000, 0x00000000c8800000| Complete 
|  47|0x00000000c8900000, 0x00000000c8a00000, 0x00000000c8a00000|100%| E|CS|TAMS 0x00000000c8900000, 0x00000000c8900000| Complete 
|  48|0x00000000c8a00000, 0x00000000c8a95b20, 0x00000000c8b00000| 58%| S|CS|TAMS 0x00000000c8a00000, 0x00000000c8a00000| Complete 
|  49|0x00000000c8b00000, 0x00000000c8c00000, 0x00000000c8c00000|100%| S|CS|TAMS 0x00000000c8b00000, 0x00000000c8b00000| Complete 
|  50|0x00000000c8c00000, 0x00000000c8d00000, 0x00000000c8d00000|100%| E|CS|TAMS 0x00000000c8c00000, 0x00000000c8c00000| Complete 
|  51|0x00000000c8d00000, 0x00000000c8e00000, 0x00000000c8e00000|100%| E|CS|TAMS 0x00000000c8d00000, 0x00000000c8d00000| Complete 
|  52|0x00000000c8e00000, 0x00000000c8f00000, 0x00000000c8f00000|100%| E|CS|TAMS 0x00000000c8e00000, 0x00000000c8e00000| Complete 
|  53|0x00000000c8f00000, 0x00000000c9000000, 0x00000000c9000000|100%| E|CS|TAMS 0x00000000c8f00000, 0x00000000c8f00000| Complete 
|  54|0x00000000c9000000, 0x00000000c9100000, 0x00000000c9100000|100%| E|CS|TAMS 0x00000000c9000000, 0x00000000c9000000| Complete 
|  55|0x00000000c9100000, 0x00000000c9200000, 0x00000000c9200000|100%| E|CS|TAMS 0x00000000c9100000, 0x00000000c9100000| Complete 
|  56|0x00000000c9200000, 0x00000000c9300000, 0x00000000c9300000|100%| E|CS|TAMS 0x00000000c9200000, 0x00000000c9200000| Complete 
|  57|0x00000000c9300000, 0x00000000c9400000, 0x00000000c9400000|100%| E|CS|TAMS 0x00000000c9300000, 0x00000000c9300000| Complete 
|  58|0x00000000c9400000, 0x00000000c9500000, 0x00000000c9500000|100%| E|CS|TAMS 0x00000000c9400000, 0x00000000c9400000| Complete 
|  59|0x00000000c9500000, 0x00000000c9600000, 0x00000000c9600000|100%| E|CS|TAMS 0x00000000c9500000, 0x00000000c9500000| Complete 

Card table byte_map: [0x0000023f9c050000,0x0000023f9c230000] _byte_map_base: 0x0000023f9ba23000

Marking Bits (Prev, Next): (CMBitMap*) 0x0000023f897de1c0, (CMBitMap*) 0x0000023f897de200
 Prev Bits: [0x0000023f9c410000, 0x0000023f9d2a8000)
 Next Bits: [0x0000023f9d2b0000, 0x0000023f9e148000)

Polling page: 0x0000023f88f60000

Metaspace:

Usage:
  Non-class:     18.41 MB used.
      Class:      2.25 MB used.
       Both:     20.66 MB used.

Virtual space:
  Non-class space:       64.00 MB reserved,      18.50 MB ( 29%) committed,  1 nodes.
      Class space:        1.00 GB reserved,       2.38 MB ( <1%) committed,  1 nodes.
             Both:        1.06 GB reserved,      20.88 MB (  2%) committed. 

Chunk freelists:
   Non-Class:  12.94 MB
       Class:  13.66 MB
        Both:  26.60 MB

MaxMetaspaceSize: unlimited
CompressedClassSpaceSize: 1.00 GB
Initial GC threshold: 21.00 MB
Current GC threshold: 21.00 MB
CDS: off
MetaspaceReclaimPolicy: balanced
 - commit_granule_bytes: 65536.
 - commit_granule_words: 8192.
 - virtual_space_node_default_size: 8388608.
 - enlarge_chunks_in_place: 1.
 - new_chunks_are_fully_committed: 0.
 - uncommit_free_chunks: 1.
 - use_allocation_guard: 0.
 - handle_deallocations: 1.


Internal statistics:

num_allocs_failed_limit: 0.
num_arena_births: 212.
num_arena_deaths: 0.
num_vsnodes_births: 2.
num_vsnodes_deaths: 0.
num_space_committed: 334.
num_space_uncommitted: 0.
num_chunks_returned_to_freelist: 0.
num_chunks_taken_from_freelist: 549.
num_chunk_merges: 0.
num_chunk_splits: 306.
num_chunks_enlarged: 200.
num_inconsistent_stats: 0.

CodeHeap 'non-profiled nmethods': size=120000Kb used=541Kb max_used=541Kb free=119458Kb
 bounds [0x0000023f94940000, 0x0000023f94bb0000, 0x0000023f9be70000]
CodeHeap 'profiled nmethods': size=120000Kb used=3357Kb max_used=3357Kb free=116642Kb
 bounds [0x0000023f8ce70000, 0x0000023f8d1c0000, 0x0000023f943a0000]
CodeHeap 'non-nmethods': size=5760Kb used=1215Kb max_used=1233Kb free=4544Kb
 bounds [0x0000023f943a0000, 0x0000023f94610000, 0x0000023f94940000]
 total_blobs=2273 nmethods=1751 adapters=434
 compilation: enabled
              stopped_count=0, restarted_count=0
 full_count=0

Compilation events (20 events):
Event: 10.416 Thread 0x0000023fa07a80e0 1704       3       java.nio.HeapByteBuffer::get (14 bytes)
Event: 10.416 Thread 0x0000023fa07a80e0 nmethod 1704 0x0000023f8d19b790 code [0x0000023f8d19b940, 0x0000023f8d19bc88]
Event: 10.416 Thread 0x0000023fa07a80e0 1705       3       java.nio.Buffer::nextGetIndex (30 bytes)
Event: 10.417 Thread 0x0000023fa07a80e0 nmethod 1705 0x0000023f8d19be10 code [0x0000023f8d19bfc0, 0x0000023f8d19c188]
Event: 10.417 Thread 0x0000023fa07a80e0 1706       3       java.lang.invoke.VarHandleGuards::guard_LLL_Z (86 bytes)
Event: 10.419 Thread 0x0000023fa07a80e0 nmethod 1706 0x0000023f8d19c290 code [0x0000023f8d19c5e0, 0x0000023f8d19e348]
Event: 10.420 Thread 0x0000023fa07a80e0 1708       3       com.google.common.base.CharMatcher$And::matches (28 bytes)
Event: 10.421 Thread 0x0000023fa07a80e0 nmethod 1708 0x0000023f8d19eb90 code [0x0000023f8d19ed40, 0x0000023f8d19f078]
Event: 10.421 Thread 0x0000023fa07a80e0 1709       3       com.google.common.base.CharMatcher$Negated::matches (17 bytes)
Event: 10.421 Thread 0x0000023fa07a80e0 nmethod 1709 0x0000023f8d19f190 code [0x0000023f8d19f340, 0x0000023f8d19f568]
Event: 10.421 Thread 0x0000023fa07a80e0 1710       3       org.openqa.selenium.json.JsonTypeCoercer$$Lambda$78/0x000000010009f130::test (12 bytes)
Event: 10.421 Thread 0x0000023fa07a80e0 nmethod 1710 0x0000023f8d19f610 code [0x0000023f8d19f7e0, 0x0000023f8d19fb38]
Event: 10.421 Thread 0x0000023fa07a80e0 1711       3       org.openqa.selenium.json.JsonTypeCoercer::lambda$buildCoercer$4 (9 bytes)
Event: 10.421 Thread 0x0000023fa07a80e0 nmethod 1711 0x0000023f8d19fc90 code [0x0000023f8d19fe40, 0x0000023f8d1a0018]
Event: 10.421 Thread 0x0000023fa07a80e0 1712       3       java.util.Spliterator::getExactSizeIfKnown (25 bytes)
Event: 10.422 Thread 0x0000023fa07a80e0 nmethod 1712 0x0000023f8d1a0110 code [0x0000023f8d1a02c0, 0x0000023f8d1a0598]
Event: 10.433 Thread 0x0000023fa07a80e0 1713       1       java.util.concurrent.CopyOnWriteArrayList::setArray (6 bytes)
Event: 10.433 Thread 0x0000023fa07a80e0 nmethod 1713 0x0000023f949c6410 code [0x0000023f949c65a0, 0x0000023f949c66b8]
Event: 10.439 Thread 0x0000023fa07a80e0 1714       3       java.net.URI$Parser::scan (41 bytes)
Event: 10.441 Thread 0x0000023fa07a80e0 nmethod 1714 0x0000023f8d1a0690 code [0x0000023f8d1a08e0, 0x0000023f8d1a11f8]

GC Heap History (4 events):
Event: 3.879 GC heap before
{Heap before GC invocations=0 (full 0):
 garbage-first heap   total 61440K, used 14336K [0x00000000c5a00000, 0x0000000100000000)
  region size 1024K, 13 young (13312K), 0 survivors (0K)
 Metaspace       used 13162K, committed 13312K, reserved 1114112K
  class space    used 1319K, committed 1408K, reserved 1048576K
}
Event: 3.904 GC heap after
{Heap after GC invocations=1 (full 0):
 garbage-first heap   total 61440K, used 5845K [0x00000000c5a00000, 0x0000000100000000)
  region size 1024K, 2 young (2048K), 2 survivors (2048K)
 Metaspace       used 13162K, committed 13312K, reserved 1114112K
  class space    used 1319K, committed 1408K, reserved 1048576K
}
Event: 4.939 GC heap before
{Heap before GC invocations=1 (full 0):
 garbage-first heap   total 61440K, used 16085K [0x00000000c5a00000, 0x0000000100000000)
  region size 1024K, 12 young (12288K), 2 survivors (2048K)
 Metaspace       used 17004K, committed 17216K, reserved 1114112K
  class space    used 1733K, committed 1856K, reserved 1048576K
}
Event: 4.946 GC heap after
{Heap after GC invocations=2 (full 0):
 garbage-first heap   total 61440K, used 7626K [0x00000000c5a00000, 0x0000000100000000)
  region size 1024K, 2 young (2048K), 2 survivors (2048K)
 Metaspace       used 17004K, committed 17216K, reserved 1114112K
  class space    used 1733K, committed 1856K, reserved 1048576K
}

Dll operation events (6 events):
Event: 0.014 Loaded shared library C:\Users\Dell\.p2\pool\plugins\org.eclipse.justj.openjdk.hotspot.jre.full.win32.x86_64_17.0.9.v20231028-0858\jre\bin\java.dll
Event: 0.505 Loaded shared library C:\Users\Dell\.p2\pool\plugins\org.eclipse.justj.openjdk.hotspot.jre.full.win32.x86_64_17.0.9.v20231028-0858\jre\bin\net.dll
Event: 0.509 Loaded shared library C:\Users\Dell\.p2\pool\plugins\org.eclipse.justj.openjdk.hotspot.jre.full.win32.x86_64_17.0.9.v20231028-0858\jre\bin\nio.dll
Event: 0.518 Loaded shared library C:\Users\Dell\.p2\pool\plugins\org.eclipse.justj.openjdk.hotspot.jre.full.win32.x86_64_17.0.9.v20231028-0858\jre\bin\zip.dll
Event: 0.762 Loaded shared library C:\Users\Dell\.p2\pool\plugins\org.eclipse.justj.openjdk.hotspot.jre.full.win32.x86_64_17.0.9.v20231028-0858\jre\bin\jimage.dll
Event: 4.488 Loaded shared library C:\Users\Dell\.p2\pool\plugins\org.eclipse.justj.openjdk.hotspot.jre.full.win32.x86_64_17.0.9.v20231028-0858\jre\bin\sunmscapi.dll

Deoptimization events (20 events):
Event: 4.168 Thread 0x0000023f897a4940 DEOPT PACKING pc=0x0000023f8d02a3be sp=0x0000008c38afcbd0
Event: 4.168 Thread 0x0000023f897a4940 DEOPT UNPACKING pc=0x0000023f943f7143 sp=0x0000008c38afc050 mode 0
Event: 4.424 Thread 0x0000023f897a4940 Uncommon trap: trap_request=0xffffff45 fr.pc=0x0000023f9499a8f4 relative=0x0000000000000074
Event: 4.424 Thread 0x0000023f897a4940 Uncommon trap: reason=unstable_if action=reinterpret pc=0x0000023f9499a8f4 method=jdk.internal.misc.Unsafe.convEndian(ZI)I @ 4 c2
Event: 4.424 Thread 0x0000023f897a4940 DEOPT PACKING pc=0x0000023f9499a8f4 sp=0x0000008c38afde80
Event: 4.424 Thread 0x0000023f897a4940 DEOPT UNPACKING pc=0x0000023f943f69a3 sp=0x0000008c38afddb0 mode 2
Event: 4.499 Thread 0x0000023f897a4940 Uncommon trap: trap_request=0xffffff45 fr.pc=0x0000023f9498a850 relative=0x00000000000001b0
Event: 4.499 Thread 0x0000023f897a4940 Uncommon trap: reason=unstable_if action=reinterpret pc=0x0000023f9498a850 method=java.util.HashMap.putVal(ILjava/lang/Object;Ljava/lang/Object;ZZ)Ljava/lang/Object; @ 162 c2
Event: 4.499 Thread 0x0000023f897a4940 DEOPT PACKING pc=0x0000023f9498a850 sp=0x0000008c38afb790
Event: 4.499 Thread 0x0000023f897a4940 DEOPT UNPACKING pc=0x0000023f943f69a3 sp=0x0000008c38afb730 mode 2
Event: 4.634 Thread 0x0000023f897a4940 DEOPT PACKING pc=0x0000023f8cf431c7 sp=0x0000008c38afa790
Event: 4.634 Thread 0x0000023f897a4940 DEOPT UNPACKING pc=0x0000023f943f7143 sp=0x0000008c38af9bf0 mode 0
Event: 5.255 Thread 0x0000023f897a4940 DEOPT PACKING pc=0x0000023f8cea2256 sp=0x0000008c38afa700
Event: 5.255 Thread 0x0000023f897a4940 DEOPT UNPACKING pc=0x0000023f943f7143 sp=0x0000008c38af9b88 mode 0
Event: 5.575 Thread 0x0000023fa5738ec0 Uncommon trap: trap_request=0xffffff45 fr.pc=0x0000023f9499c198 relative=0x0000000000000258
Event: 5.575 Thread 0x0000023fa5738ec0 Uncommon trap: reason=unstable_if action=reinterpret pc=0x0000023f9499c198 method=java.lang.invoke.VarHandle.checkExactAccessMode(Ljava/lang/invoke/VarHandle$AccessDescriptor;)V @ 4 c2
Event: 5.575 Thread 0x0000023fa5738ec0 DEOPT PACKING pc=0x0000023f9499c198 sp=0x0000008c3a4fed80
Event: 5.575 Thread 0x0000023fa5738ec0 DEOPT UNPACKING pc=0x0000023f943f69a3 sp=0x0000008c3a4fecf0 mode 2
Event: 9.973 Thread 0x0000023f897a4940 DEOPT PACKING pc=0x0000023f8d0d55f1 sp=0x0000008c38afa570
Event: 9.973 Thread 0x0000023f897a4940 DEOPT UNPACKING pc=0x0000023f943f7143 sp=0x0000008c38af9a80 mode 0

Classes unloaded (0 events):
No events

Classes redefined (0 events):
No events

Internal exceptions (20 events):
Event: 4.715 Thread 0x0000023f897a4940 Exception <a 'java/lang/IncompatibleClassChangeError'{0x00000000c8c56de0}: Found class java.lang.Object, but interface was expected> (0x00000000c8c56de0) 
thrown [s\src\hotspot\share\interpreter\linkResolver.cpp, line 826]
Event: 4.718 Thread 0x0000023f897a4940 Exception <a 'java/lang/NoSuchMethodError'{0x00000000c8c5efe0}: 'int java.lang.invoke.DirectMethodHandle$Holder.invokeSpecialIFC(java.lang.Object, java.lang.Object, java.lang.Object, java.lang.Object)'> (0x00000000c8c5efe0) 
thrown [s\src\hotspot\share\interpreter\linkResolver.cpp, line 759]
Event: 4.738 Thread 0x0000023f897a4940 Exception <a 'java/lang/NoSuchMethodError'{0x00000000c8cc8398}: 'java.lang.Object java.lang.invoke.DirectMethodHandle$Holder.invokeVirtual(java.lang.Object, java.lang.Object, java.lang.Object, java.lang.Object)'> (0x00000000c8cc8398) 
thrown [s\src\hotspot\share\interpreter\linkResolver.cpp, line 759]
Event: 4.977 Thread 0x0000023fa57ce610 Exception <a 'java/net/ConnectException'{0x00000000c9599528}: Connection refused: no further information> (0x00000000c9599528) 
thrown [s\src\hotspot\share\prims\jni.cpp, line 535]
Event: 4.977 Thread 0x0000023fa57ce610 Exception <a 'java/net/SocketException'{0x00000000c9599860}: Socket is not connected: shutdown> (0x00000000c9599860) 
thrown [s\src\hotspot\share\prims\jni.cpp, line 535]
Event: 4.990 Thread 0x0000023fa57ce610 Exception <a 'java/net/ConnectException'{0x00000000c959a858}: Connection refused: no further information> (0x00000000c959a858) 
thrown [s\src\hotspot\share\prims\jni.cpp, line 535]
Event: 4.990 Thread 0x0000023fa57ce610 Exception <a 'java/net/SocketException'{0x00000000c959ab90}: Socket is not connected: shutdown> (0x00000000c959ab90) 
thrown [s\src\hotspot\share\prims\jni.cpp, line 535]
Event: 5.027 Thread 0x0000023fa57ce610 Exception <a 'java/net/ConnectException'{0x00000000c959bab8}: Connection refused: no further information> (0x00000000c959bab8) 
thrown [s\src\hotspot\share\prims\jni.cpp, line 535]
Event: 5.027 Thread 0x0000023fa57ce610 Exception <a 'java/net/SocketException'{0x00000000c959bdf0}: Socket is not connected: shutdown> (0x00000000c959bdf0) 
thrown [s\src\hotspot\share\prims\jni.cpp, line 535]
Event: 5.077 Thread 0x0000023fa57ce610 Exception <a 'java/net/ConnectException'{0x00000000c959cd18}: Connection refused: no further information> (0x00000000c959cd18) 
thrown [s\src\hotspot\share\prims\jni.cpp, line 535]
Event: 5.077 Thread 0x0000023fa57ce610 Exception <a 'java/net/SocketException'{0x00000000c959d050}: Socket is not connected: shutdown> (0x00000000c959d050) 
thrown [s\src\hotspot\share\prims\jni.cpp, line 535]
Event: 5.234 Thread 0x0000023f897a4940 Exception <a 'java/lang/NoSuchMethodError'{0x00000000c94de840}: 'java.lang.Object java.lang.invoke.DirectMethodHandle$Holder.newInvokeSpecial(java.lang.Object, java.lang.Object, int, int)'> (0x00000000c94de840) 
thrown [s\src\hotspot\share\interpreter\linkResolver.cpp, line 759]
Event: 5.236 Thread 0x0000023f897a4940 Exception <a 'java/lang/NoSuchMethodError'{0x00000000c94e92e0}: 'void java.lang.invoke.DirectMethodHandle$Holder.invokeStatic(java.lang.Object, java.lang.Object, int)'> (0x00000000c94e92e0) 
thrown [s\src\hotspot\share\interpreter\linkResolver.cpp, line 759]
Event: 5.282 Thread 0x0000023f897a4940 Exception <a 'java/lang/NoSuchMethodError'{0x00000000c93ea220}: 'java.lang.Object java.lang.invoke.DirectMethodHandle$Holder.newInvokeSpecial(java.lang.Object, java.lang.Object, java.lang.Object, java.lang.Object, java.lang.Object)'> (0x00000000c93ea220) 
thrown [s\src\hotspot\share\interpreter\linkResolver.cpp, line 759]
Event: 5.410 Thread 0x0000023f897a4940 Exception <a 'java/lang/NoSuchMethodError'{0x00000000c9041e00}: 'void java.lang.invoke.DirectMethodHandle$Holder.invokeSpecial(java.lang.Object, java.lang.Object, java.lang.Object)'> (0x00000000c9041e00) 
thrown [s\src\hotspot\share\interpreter\linkResolver.cpp, line 759]
Event: 5.494 Thread 0x0000023fa57b7830 Exception <a 'java/lang/NoSuchMethodError'{0x00000000c8e8a618}: 'java.lang.Object java.lang.invoke.DirectMethodHandle$Holder.invokeSpecial(java.lang.Object, java.lang.Object, java.lang.Object, java.lang.Object, int)'> (0x00000000c8e8a618) 
thrown [s\src\hotspot\share\interpreter\linkResolver.cpp, line 759]
Event: 5.495 Thread 0x0000023fa57b7830 Exception <a 'java/lang/NoSuchMethodError'{0x00000000c8e8e1e0}: 'java.lang.Object java.lang.invoke.Invokers$Holder.linkToTargetMethod(java.lang.Object, java.lang.Object, int, java.lang.Object)'> (0x00000000c8e8e1e0) 
thrown [s\src\hotspot\share\interpreter\linkResolver.cpp, line 759]
Event: 5.558 Thread 0x0000023fa57b7830 Exception <a 'java/lang/NoSuchMethodError'{0x00000000c8ddb240}: 'void java.lang.invoke.DirectMethodHandle$Holder.invokeSpecial(java.lang.Object, java.lang.Object, java.lang.Object, java.lang.Object, java.lang.Object)'> (0x00000000c8ddb240) 
thrown [s\src\hotspot\share\interpreter\linkResolver.cpp, line 759]
Event: 9.472 Thread 0x0000023fa57b4080 Exception <a 'java/lang/NoSuchMethodError'{0x00000000c8967708}: 'void java.lang.invoke.DirectMethodHandle$Holder.invokeSpecial(java.lang.Object, java.lang.Object, java.lang.Object, java.lang.Object, java.lang.Object, java.lang.Object, java.lang.Object)'> (0x00000000c8967708) 
thrown [s\src\hotspot\share\interpreter\linkResolver.cpp, line 759]
Event: 9.817 Thread 0x0000023f897a4940 Exception <a 'java/lang/NoSuchMethodError'{0x00000000c8716168}: 'java.lang.Object java.lang.invoke.DirectMethodHandle$Holder.invokeSpecialIFC(java.lang.Object, java.lang.Object, java.lang.Object)'> (0x00000000c8716168) 
thrown [s\src\hotspot\share\interpreter\linkResolver.cpp, line 759]

VM Operations (20 events):
Event: 3.590 Executing VM operation: Cleanup
Event: 3.590 Executing VM operation: Cleanup done
Event: 3.878 Executing VM operation: G1CollectForAllocation
Event: 3.904 Executing VM operation: G1CollectForAllocation done
Event: 4.438 Executing VM operation: HandshakeAllThreads
Event: 4.438 Executing VM operation: HandshakeAllThreads done
Event: 4.938 Executing VM operation: G1CollectForAllocation
Event: 4.946 Executing VM operation: G1CollectForAllocation done
Event: 5.171 Executing VM operation: HandshakeAllThreads
Event: 5.171 Executing VM operation: HandshakeAllThreads done
Event: 5.174 Executing VM operation: HandshakeAllThreads
Event: 5.175 Executing VM operation: HandshakeAllThreads done
Event: 6.180 Executing VM operation: Cleanup
Event: 6.180 Executing VM operation: Cleanup done
Event: 9.434 Executing VM operation: HandshakeAllThreads
Event: 9.434 Executing VM operation: HandshakeAllThreads done
Event: 9.434 Executing VM operation: Cleanup
Event: 9.434 Executing VM operation: Cleanup done
Event: 10.446 Executing VM operation: Cleanup
Event: 10.447 Executing VM operation: Cleanup done

Events (20 events):
Event: 9.690 loading class java/util/DualPivotQuicksort done
Event: 10.175 Thread 0x0000023fa57b63f0 Thread exited: 0x0000023fa57b63f0
Event: 10.335 Thread 0x0000023fa57b54c0 Thread added: 0x0000023fa57b54c0
Event: 10.337 Thread 0x0000023fa57b4590 Thread added: 0x0000023fa57b4590
Event: 10.378 Thread 0x0000023fa57b4aa0 Thread added: 0x0000023fa57b4aa0
Event: 10.378 Thread 0x0000023fa57b4fb0 Thread added: 0x0000023fa57b4fb0
Event: 10.430 loading class java/util/concurrent/locks/ReadWriteLock
Event: 10.430 loading class java/util/concurrent/locks/ReadWriteLock done
Event: 10.434 loading class java/util/concurrent/locks/ReentrantReadWriteLock
Event: 10.435 loading class java/util/concurrent/locks/ReentrantReadWriteLock done
Event: 10.435 loading class java/util/concurrent/locks/ReentrantReadWriteLock$FairSync
Event: 10.435 loading class java/util/concurrent/locks/ReentrantReadWriteLock$Sync
Event: 10.435 loading class java/util/concurrent/locks/ReentrantReadWriteLock$Sync done
Event: 10.436 loading class java/util/concurrent/locks/ReentrantReadWriteLock$FairSync done
Event: 10.436 loading class java/util/concurrent/locks/ReentrantReadWriteLock$Sync$ThreadLocalHoldCounter
Event: 10.436 loading class java/util/concurrent/locks/ReentrantReadWriteLock$Sync$ThreadLocalHoldCounter done
Event: 10.436 loading class java/util/concurrent/locks/ReentrantReadWriteLock$ReadLock
Event: 10.438 loading class java/util/concurrent/locks/ReentrantReadWriteLock$ReadLock done
Event: 10.438 loading class java/util/concurrent/locks/ReentrantReadWriteLock$WriteLock
Event: 10.438 loading class java/util/concurrent/locks/ReentrantReadWriteLock$WriteLock done


Dynamic libraries:
0x00007ff609670000 - 0x00007ff60967e000 	C:\Users\Dell\.p2\pool\plugins\org.eclipse.justj.openjdk.hotspot.jre.full.win32.x86_64_17.0.9.v20231028-0858\jre\bin\javaw.exe
0x00007ff995d70000 - 0x00007ff995f68000 	C:\Windows\SYSTEM32\ntdll.dll
0x00007ff994a40000 - 0x00007ff994afd000 	C:\Windows\System32\KERNEL32.DLL
0x00007ff993800000 - 0x00007ff993af6000 	C:\Windows\System32\KERNELBASE.dll
0x00007ff993b00000 - 0x00007ff993c00000 	C:\Windows\System32\ucrtbase.dll
0x00007ff97eee0000 - 0x00007ff97eef7000 	C:\Users\Dell\.p2\pool\plugins\org.eclipse.justj.openjdk.hotspot.jre.full.win32.x86_64_17.0.9.v20231028-0858\jre\bin\jli.dll
0x00007ff995810000 - 0x00007ff9959ae000 	C:\Windows\System32\USER32.dll
0x00007ff9937d0000 - 0x00007ff9937f2000 	C:\Windows\System32\win32u.dll
0x00007ff994220000 - 0x00007ff99424b000 	C:\Windows\System32\GDI32.dll
0x00007ff993c00000 - 0x00007ff993d17000 	C:\Windows\System32\gdi32full.dll
0x00007ff993730000 - 0x00007ff9937cd000 	C:\Windows\System32\msvcp_win.dll
0x00007ff97b6c0000 - 0x00007ff97b6db000 	C:\Users\Dell\.p2\pool\plugins\org.eclipse.justj.openjdk.hotspot.jre.full.win32.x86_64_17.0.9.v20231028-0858\jre\bin\VCRUNTIME140.dll
0x00007ff97f760000 - 0x00007ff97f9fa000 	C:\Windows\WinSxS\amd64_microsoft.windows.common-controls_6595b64144ccf1df_6.0.19041.3636_none_60b6a03d71f818d5\COMCTL32.dll
0x00007ff995ba0000 - 0x00007ff995c3e000 	C:\Windows\System32\msvcrt.dll
0x00007ff9941e0000 - 0x00007ff994212000 	C:\Windows\System32\IMM32.DLL
0x00007ff987f10000 - 0x00007ff987f1c000 	C:\Users\Dell\.p2\pool\plugins\org.eclipse.justj.openjdk.hotspot.jre.full.win32.x86_64_17.0.9.v20231028-0858\jre\bin\vcruntime140_1.dll
0x00007ff96fe40000 - 0x00007ff96fecd000 	C:\Users\Dell\.p2\pool\plugins\org.eclipse.justj.openjdk.hotspot.jre.full.win32.x86_64_17.0.9.v20231028-0858\jre\bin\msvcp140.dll
0x00007ff910510000 - 0x00007ff911171000 	C:\Users\Dell\.p2\pool\plugins\org.eclipse.justj.openjdk.hotspot.jre.full.win32.x86_64_17.0.9.v20231028-0858\jre\bin\server\jvm.dll
0x00007ff9953f0000 - 0x00007ff9954a3000 	C:\Windows\System32\ADVAPI32.dll
0x00007ff9947a0000 - 0x00007ff99483f000 	C:\Windows\System32\sechost.dll
0x00007ff994040000 - 0x00007ff994166000 	C:\Windows\System32\RPCRT4.dll
0x00007ff9934a0000 - 0x00007ff9934c7000 	C:\Windows\System32\bcrypt.dll
0x00007ff993290000 - 0x00007ff9932db000 	C:\Windows\SYSTEM32\POWRPROF.dll
0x00007ff95ae80000 - 0x00007ff95ae89000 	C:\Windows\SYSTEM32\WSOCK32.dll
0x00007ff9853c0000 - 0x00007ff9853e7000 	C:\Windows\SYSTEM32\WINMM.dll
0x00007ff995a60000 - 0x00007ff995acb000 	C:\Windows\System32\WS2_32.dll
0x00007ff98ae30000 - 0x00007ff98ae3a000 	C:\Windows\SYSTEM32\VERSION.dll
0x00007ff993270000 - 0x00007ff993282000 	C:\Windows\SYSTEM32\UMPDC.dll
0x00007ff9912a0000 - 0x00007ff9912b2000 	C:\Windows\SYSTEM32\kernel.appcore.dll
0x00007ff97b6e0000 - 0x00007ff97b6ea000 	C:\Users\Dell\.p2\pool\plugins\org.eclipse.justj.openjdk.hotspot.jre.full.win32.x86_64_17.0.9.v20231028-0858\jre\bin\jimage.dll
0x00007ff989f60000 - 0x00007ff98a144000 	C:\Windows\SYSTEM32\DBGHELP.DLL
0x00007ff988c60000 - 0x00007ff988c94000 	C:\Windows\SYSTEM32\dbgcore.DLL
0x00007ff993d20000 - 0x00007ff993da2000 	C:\Windows\System32\bcryptPrimitives.dll
0x00007ff9748e0000 - 0x00007ff974905000 	C:\Users\Dell\.p2\pool\plugins\org.eclipse.justj.openjdk.hotspot.jre.full.win32.x86_64_17.0.9.v20231028-0858\jre\bin\java.dll
0x00007ff977350000 - 0x00007ff977368000 	C:\Users\Dell\.p2\pool\plugins\org.eclipse.justj.openjdk.hotspot.jre.full.win32.x86_64_17.0.9.v20231028-0858\jre\bin\zip.dll
0x00007ff994ca0000 - 0x00007ff9953e5000 	C:\Windows\System32\SHELL32.dll
0x00007ff9914a0000 - 0x00007ff991c3c000 	C:\Windows\SYSTEM32\windows.storage.dll
0x00007ff9954b0000 - 0x00007ff995804000 	C:\Windows\System32\combase.dll
0x00007ff992d90000 - 0x00007ff992dbe000 	C:\Windows\SYSTEM32\Wldp.dll
0x00007ff995ad0000 - 0x00007ff995b9d000 	C:\Windows\System32\OLEAUT32.dll
0x00007ff9959b0000 - 0x00007ff995a5d000 	C:\Windows\System32\SHCORE.dll
0x00007ff994170000 - 0x00007ff9941c5000 	C:\Windows\System32\shlwapi.dll
0x00007ff993360000 - 0x00007ff993385000 	C:\Windows\SYSTEM32\profapi.dll
0x00007ff975a80000 - 0x00007ff975a99000 	C:\Users\Dell\.p2\pool\plugins\org.eclipse.justj.openjdk.hotspot.jre.full.win32.x86_64_17.0.9.v20231028-0858\jre\bin\net.dll
0x00007ff98afa0000 - 0x00007ff98b0aa000 	C:\Windows\SYSTEM32\WINHTTP.dll
0x00007ff992af0000 - 0x00007ff992b5a000 	C:\Windows\system32\mswsock.dll
0x00007ff9751a0000 - 0x00007ff9751b6000 	C:\Users\Dell\.p2\pool\plugins\org.eclipse.justj.openjdk.hotspot.jre.full.win32.x86_64_17.0.9.v20231028-0858\jre\bin\nio.dll
0x00007ff992820000 - 0x00007ff9928ea000 	C:\Windows\SYSTEM32\DNSAPI.dll
0x00007ff9927e0000 - 0x00007ff99281b000 	C:\Windows\SYSTEM32\IPHLPAPI.DLL
0x00007ff994c30000 - 0x00007ff994c38000 	C:\Windows\System32\NSI.dll
0x00007ff98c090000 - 0x00007ff98c09a000 	C:\Windows\System32\rasadhlp.dll
0x00007ff980b60000 - 0x00007ff980be0000 	C:\Windows\System32\fwpuclnt.dll
0x00007ff992ce0000 - 0x00007ff992cf8000 	C:\Windows\SYSTEM32\CRYPTSP.dll
0x00007ff992420000 - 0x00007ff992454000 	C:\Windows\system32\rsaenh.dll
0x00007ff9932e0000 - 0x00007ff99330e000 	C:\Windows\SYSTEM32\USERENV.dll
0x00007ff992d00000 - 0x00007ff992d0c000 	C:\Windows\SYSTEM32\CRYPTBASE.dll
0x00007ff98b350000 - 0x00007ff98b367000 	C:\Windows\SYSTEM32\dhcpcsvc6.DLL
0x00007ff98c0f0000 - 0x00007ff98c10d000 	C:\Windows\SYSTEM32\dhcpcsvc.DLL
0x00007ff974f90000 - 0x00007ff974f9e000 	C:\Users\Dell\.p2\pool\plugins\org.eclipse.justj.openjdk.hotspot.jre.full.win32.x86_64_17.0.9.v20231028-0858\jre\bin\sunmscapi.dll
0x00007ff9934d0000 - 0x00007ff99362d000 	C:\Windows\System32\CRYPT32.dll
0x00007ff992e00000 - 0x00007ff992e28000 	C:\Windows\SYSTEM32\ncrypt.dll
0x00007ff992dc0000 - 0x00007ff992dfb000 	C:\Windows\SYSTEM32\NTASN1.dll
0x00007ff927740000 - 0x00007ff927747000 	C:\Windows\system32\wshunix.dll

dbghelp: loaded successfully - version: 4.0.5 - missing functions: none
symbol engine: initialized successfully - sym options: 0x614 - pdb path: .;C:\Users\Dell\.p2\pool\plugins\org.eclipse.justj.openjdk.hotspot.jre.full.win32.x86_64_17.0.9.v20231028-0858\jre\bin;C:\Windows\SYSTEM32;C:\Windows\WinSxS\amd64_microsoft.windows.common-controls_6595b64144ccf1df_6.0.19041.3636_none_60b6a03d71f818d5;C:\Users\Dell\.p2\pool\plugins\org.eclipse.justj.openjdk.hotspot.jre.full.win32.x86_64_17.0.9.v20231028-0858\jre\bin\server

VM Arguments:
jvm_args: -Dfile.encoding=UTF-8 -Dstdout.encoding=UTF-8 -Dstderr.encoding=UTF-8 -XX:+ShowCodeDetailsInExceptionMessages 
java_command: utilities.DataDrivenExcel
java_class_path (initial): F:\Codemind_New_Workspace\SeleniumProject\target\test-classes;F:\Codemind_New_Workspace\SeleniumProject\target\classes;C:\Users\Dell\.m2\repository\org\seleniumhq\selenium\selenium-chrome-driver\4.16.1\selenium-chrome-driver-4.16.1.jar;C:\Users\Dell\.m2\repository\org\seleniumhq\selenium\selenium-api\4.16.1\selenium-api-4.16.1.jar;C:\Users\Dell\.m2\repository\org\seleniumhq\selenium\selenium-java\4.16.1\selenium-java-4.16.1.jar;C:\Users\Dell\.m2\repository\com\google\auto\service\auto-service-annotations\1.1.1\auto-service-annotations-1.1.1.jar;C:\Users\Dell\.m2\repository\org\seleniumhq\selenium\selenium-chromium-driver\4.16.1\selenium-chromium-driver-4.16.1.jar;C:\Users\Dell\.m2\repository\org\seleniumhq\selenium\selenium-json\4.16.1\selenium-json-4.16.1.jar;C:\Users\Dell\.m2\repository\org\seleniumhq\selenium\selenium-manager\4.16.1\selenium-manager-4.16.1.jar;C:\Users\Dell\.m2\repository\org\seleniumhq\selenium\selenium-devtools-v118\4.16.1\selenium-devtools-v118-4.16.1.jar;C:\Users\Dell\.m2\repository\org\seleniumhq\selenium\selenium-devtools-v119\4.16.1\selenium-devtools-v119-4.16.1.jar;C:\Users\Dell\.m2\repository\org\seleniumhq\selenium\selenium-devtools-v120\4.16.1\selenium-devtools-v120-4.16.1.jar;C:\Users\Dell\.m2\repository\org\seleniumhq\selenium\selenium-devtools-v85\4.16.1\selenium-devtools-v85-4.16.1.jar;C:\Users\Dell\.m2\repository\org\seleniumhq\selenium\selenium-edge-driver\4.16.1\selenium-edge-driver-4.16.1.jar;C:\Users\Dell\.m2\repository\org\seleniumhq\selenium\selenium-firefox-driver\4.16.1\selenium-firefox-driver-4.16.1.jar;C:\Users\Dell\.m2\repository\org\seleniumhq\selenium\selenium-http\4.16.1\selenium-http-4.16.1.jar;C:\Users\Dell\.m2\repository\dev\failsafe\failsafe\3.3.2\failsafe-3.3.2.jar;C:\Users\Dell\.m2\repository\org\seleniumhq\selenium\selenium-ie-driver\4.16.1\selenium-ie-driver-4.16.1.jar;C:\Users\Dell\.m2\repository\org\seleniumhq\selenium\selenium-remote-driver\4.16.1\selenium-remote-driver-4.16.1.
Launcher Type: SUN_STANDARD

[Global flags]
     intx CICompilerCount                          = 3                                         {product} {ergonomic}
     uint ConcGCThreads                            = 1                                         {product} {ergonomic}
     uint G1ConcRefinementThreads                  = 4                                         {product} {ergonomic}
   size_t G1HeapRegionSize                         = 1048576                                   {product} {ergonomic}
    uintx GCDrainStackTargetSize                   = 64                                        {product} {ergonomic}
   size_t InitialHeapSize                          = 62914560                                  {product} {ergonomic}
   size_t MarkStackSize                            = 4194304                                   {product} {ergonomic}
   size_t MaxHeapSize                              = 979369984                                 {product} {ergonomic}
   size_t MaxNewSize                               = 587202560                                 {product} {ergonomic}
   size_t MinHeapDeltaBytes                        = 1048576                                   {product} {ergonomic}
   size_t MinHeapSize                              = 8388608                                   {product} {ergonomic}
    uintx NonNMethodCodeHeapSize                   = 5832780                                {pd product} {ergonomic}
    uintx NonProfiledCodeHeapSize                  = 122912730                              {pd product} {ergonomic}
    uintx ProfiledCodeHeapSize                     = 122912730                              {pd product} {ergonomic}
    uintx ReservedCodeCacheSize                    = 251658240                              {pd product} {ergonomic}
     bool SegmentedCodeCache                       = true                                      {product} {ergonomic}
     bool ShowCodeDetailsInExceptionMessages       = true                                   {manageable} {command line}
   size_t SoftMaxHeapSize                          = 979369984                              {manageable} {ergonomic}
     bool UseCompressedClassPointers               = true                           {product lp64_product} {ergonomic}
     bool UseCompressedOops                        = true                           {product lp64_product} {ergonomic}
     bool UseG1GC                                  = true                                      {product} {ergonomic}
     bool UseLargePagesIndividualAllocation        = false                                  {pd product} {ergonomic}

Logging:
Log output configuration:
 #0: stdout all=warning uptime,level,tags
 #1: stderr all=off uptime,level,tags

Environment Variables:
JAVA_HOME=C:\Program Files\Java\jdk-1.8\
PATH=C:/Users/Dell/.p2/pool/plugins/org.eclipse.justj.openjdk.hotspot.jre.full.win32.x86_64_17.0.9.v20231028-0858/jre/bin/server;C:/Users/Dell/.p2/pool/plugins/org.eclipse.justj.openjdk.hotspot.jre.full.win32.x86_64_17.0.9.v20231028-0858/jre/bin;C:\Program Files (x86)\Common Files\Oracle\Java\javapath;C:\Windows\system32;C:\Windows;C:\Windows\System32\Wbem;C:\Windows\System32\WindowsPowerShell\v1.0\;C:\Windows\System32\OpenSSH\;C:\Program Files\dotnet\;C:\Program Files\Java\jdk-1.8\bin;C:\Users\Dell\AppData\Local\Microsoft\WindowsApps;;C:\Users\Dell\AppData\Local\Programs\Microsoft VS Code\bin;C:\Windows\system32;
USERNAME=Dell
OS=Windows_NT
PROCESSOR_IDENTIFIER=AMD64 Family 23 Model 17 Stepping 0, AuthenticAMD
TMP=C:\Users\Dell\AppData\Local\Temp
TEMP=C:\Users\Dell\AppData\Local\Temp



Periodic native trim disabled


---------------  S Y S T E M  ---------------

OS:
 Windows 10 , 64 bit Build 19041 (10.0.19041.3636)
OS uptime: 2 days 12:25 hours

CPU: total 4 (initial active 4) (4 cores per cpu, 2 threads per core) family 23 model 17 stepping 0 microcode 0x0, cx8, cmov, fxsr, ht, mmx, 3dnowpref, sse, sse2, sse3, ssse3, sse4a, sse4.1, sse4.2, popcnt, lzcnt, tsc, tscinvbit, avx, avx2, aes, clmul, bmi1, bmi2, adx, sha, fma, vzeroupper, clflush, clflushopt
Processor Information for all 4 processors :
  Max Mhz: 2500, Current Mhz: 2500, Mhz Limit: 2500

Memory: 4k page, system-wide physical 3732M (52M free)
TotalPageFile size 14996M (AvailPageFile size 0M)
current process WorkingSet (physical memory assigned to process): 95M, peak: 95M
current process commit charge ("private bytes"): 158M, peak: 158M

vm_info: OpenJDK 64-Bit Server VM (17.0.9+9) for windows-amd64 JRE (17.0.9+9), built on Oct 26 2023 14:01:42 by "admin" with MS VC++ 16.10 / 16.11 (VS2019)

END.
